#
# A fatal error has been detected by the Java Runtime Environment:
#
#  EXCEPTION_ACCESS_VIOLATION (0xc0000005) at pc=0x000000006e103b8b, pid=19012, tid=20416
#
# JRE version: Java(TM) SE Runtime Environment (7.0_67-b01) (build 1.7.0_67-b01)
# Java VM: Java HotSpot(TM) 64-Bit Server VM (24.65-b04 mixed mode windows-amd64 compressed oops)
# Problematic frame:
# V  [jvm.dll+0x143b8b]
#
# Failed to write core dump. Minidumps are not enabled by default on client versions of Windows
#
# If you would like to submit a bug report, please visit:
#   http://bugreport.sun.com/bugreport/crash.jsp
#

---------------  T H R E A D  ---------------

Current thread (0x000000000bdde800):  JavaThread "JDWP Transport Listener: dt_socket" daemon [_thread_in_vm, id=20416, stack(0x000000000c650000,0x000000000c750000)]

siginfo: ExceptionCode=0xc0000005, reading address 0x000000000000000e

Registers:
RAX=0xfefefefefefefefe, RBX=0x0000000000000006, RCX=0x000000000cf48a30, RDX=0x0000000000000000
RSP=0x000000000c74f3e0, RBP=0x000000000cf48a30, RSI=0x000000000c74f4f8, RDI=0x000000000027abe0
R8 =0x000000000bdde800, R9 =0x0000000000000700, R10=0x0000000000000000, R11=0x000001a900080037
R12=0x0000000000000000, R13=0x000000000a9d7d98, R14=0x0000000000000000, R15=0x0000000000000000
RIP=0x000000006e103b8b, EFLAGS=0x0000000000010202

Top of Stack: (sp=0x000000000c74f3e0)
0x000000000c74f3e0:   000000000bdde800 0000000000000005
0x000000000c74f3f0:   000000000c74f4a8 000000006e2a4dd9
0x000000000c74f400:   000000000bdde800 000000006e2c2982
0x000000000c74f410:   0000000000000000 0000000055528e8d
0x000000000c74f420:   000000000be054f0 0000000055532666
0x000000000c74f430:   000000000bdde800 0000000000000000
0x000000000c74f440:   0000000000000000 0000000000000000
0x000000000c74f450:   000000000cf48a30 000000005553175d
0x000000000c74f460:   000000000c74f4f8 000000000c74f4d0
0x000000000c74f470:   0000000000000001 000000000be054f0
0x000000000c74f480:   000000000cf48a30 00000000555153b3
0x000000000c74f490:   000000000c74f5c0 0000000000000001
0x000000000c74f4a0:   0000000000000001 000000000be054f0
0x000000000c74f4b0:   0000000000000009 0000000000000000
0x000000000c74f4c0:   0000000000000000 0000000000000000
0x000000000c74f4d0:   0000000000000001 0000000055515571 

Instructions: (pc=0x000000006e103b8b)
0x000000006e103b6b:   48 8b 19 48 85 db 74 4c 48 b8 fe fe fe fe fe fe
0x000000006e103b7b:   fe fe 48 3b d8 74 3d 80 3d 0f 04 61 00 00 74 15
0x000000006e103b8b:   8b 43 08 8b 0d 24 0d 5b 00 48 d3 e0 48 03 05 12
0x000000006e103b9b:   0d 5b 00 eb 04 48 8b 43 08 48 8b 50 10 48 8d 48 


Register to memory mapping:

RAX=0xfefefefefefefefe is an unknown value
RBX=0x0000000000000006 is an unknown value
RCX=0x000000000cf48a30 is an unknown value
RDX=0x0000000000000000 is an unknown value
RSP=0x000000000c74f3e0 is pointing into the stack for thread: 0x000000000bdde800
RBP=0x000000000cf48a30 is an unknown value
RSI=0x000000000c74f4f8 is pointing into the stack for thread: 0x000000000bdde800
RDI=0x000000000027abe0 is an unknown value
R8 =0x000000000bdde800 is a thread
R9 =0x0000000000000700 is an unknown value
R10=0x0000000000000000 is an unknown value
R11=0x000001a900080037 is an unknown value
R12=0x0000000000000000 is an unknown value
R13=0x000000000a9d7d98 is an unknown value
R14=0x0000000000000000 is an unknown value
R15=0x0000000000000000 is an unknown value


Stack: [0x000000000c650000,0x000000000c750000],  sp=0x000000000c74f3e0,  free space=1020k
Native frames: (J=compiled Java code, j=interpreted, Vv=VM code, C=native code)
V  [jvm.dll+0x143b8b]


---------------  P R O C E S S  ---------------

Java Threads: ( => current thread )
  0x000000000bfec800 JavaThread "logback-2" daemon [_thread_blocked, id=18948, stack(0x000000000dde0000,0x000000000dee0000)]
  0x000000000cf81800 JavaThread "logback-1" daemon [_thread_blocked, id=9496, stack(0x000000000d6e0000,0x000000000d7e0000)]
  0x000000000bdfc000 JavaThread "Service Thread" daemon [_thread_blocked, id=13032, stack(0x000000000cd90000,0x000000000ce90000)]
  0x000000000bdf5000 JavaThread "C2 CompilerThread1" daemon [_thread_blocked, id=18676, stack(0x000000000cbc0000,0x000000000ccc0000)]
  0x000000000bdfe800 JavaThread "C2 CompilerThread0" daemon [_thread_blocked, id=5368, stack(0x000000000ca50000,0x000000000cb50000)]
  0x000000000bde5800 JavaThread "JDWP Command Reader" daemon [_thread_in_native, id=10376, stack(0x000000000bbb0000,0x000000000bcb0000)]
  0x000000000bde2800 JavaThread "JDWP Event Helper Thread" daemon [_thread_blocked, id=19792, stack(0x000000000c7f0000,0x000000000c8f0000)]
=>0x000000000bdde800 JavaThread "JDWP Transport Listener: dt_socket" daemon [_thread_in_vm, id=20416, stack(0x000000000c650000,0x000000000c750000)]
  0x000000000a9c0000 JavaThread "Attach Listener" daemon [_thread_blocked, id=9272, stack(0x000000000c2d0000,0x000000000c3d0000)]
  0x000000000bdd8800 JavaThread "Signal Dispatcher" daemon [_thread_blocked, id=15280, stack(0x000000000b940000,0x000000000ba40000)]
  0x000000000a965000 JavaThread "Finalizer" daemon [_thread_blocked, id=16272, stack(0x000000000bcd0000,0x000000000bdd0000)]
  0x000000000a964000 JavaThread "Reference Handler" daemon [_thread_blocked, id=14508, stack(0x000000000ba40000,0x000000000bb40000)]
  0x0000000001fe8000 JavaThread "main" [_thread_blocked, id=2824, stack(0x0000000002330000,0x0000000002430000)]

Other Threads:
  0x000000000a960800 VMThread [stack: 0x000000000b7f0000,0x000000000b8f0000] [id=17320]
  0x000000000be17800 WatcherThread [stack: 0x000000000c920000,0x000000000ca20000] [id=19912]

VM state:not at safepoint (normal execution)

VM Mutex/Monitor currently owned by a thread: None

Heap
 PSYoungGen      total 38400K, used 13339K [0x00000007d5c00000, 0x00000007d8680000, 0x0000000800000000)
  eden space 33280K, 40% used [0x00000007d5c00000,0x00000007d6906d40,0x00000007d7c80000)
  from space 5120K, 0% used [0x00000007d8180000,0x00000007d8180000,0x00000007d8680000)
  to   space 5120K, 0% used [0x00000007d7c80000,0x00000007d7c80000,0x00000007d8180000)
 ParOldGen       total 86528K, used 0K [0x0000000781400000, 0x0000000786880000, 0x00000007d5c00000)
  object space 86528K, 0% used [0x0000000781400000,0x0000000781400000,0x0000000786880000)
 PSPermGen       total 21504K, used 7303K [0x000000077c200000, 0x000000077d700000, 0x0000000781400000)
  object space 21504K, 33% used [0x000000077c200000,0x000000077c921d00,0x000000077d700000)

Card table byte_map: [0x0000000005430000,0x0000000005850000] byte_map_base: 0x000000000184f000

Polling page: 0x0000000000250000

Code Cache  [0x0000000002430000, 0x00000000026a0000, 0x0000000005430000)
 total_blobs=286 nmethods=38 adapters=209 free_code_cache=48649Kb largest_free_block=49797056

Compilation events (10 events):
Event: 13.466 Thread 0x000000000bdf5000 nmethod 34 0x00000000024ab410 code [0x00000000024ab540, 0x00000000024ab618]
Event: 13.466 Thread 0x000000000bdfe800 nmethod 33 0x00000000024aafd0 code [0x00000000024ab120, 0x00000000024ab258]
Event: 13.466 Thread 0x000000000bdf5000   35             java.util.ArrayList::rangeCheck (22 bytes)
Event: 13.466 Thread 0x000000000bdfe800   36             java.util.ArrayList::elementData (7 bytes)
Event: 13.466 Thread 0x000000000bdf5000 nmethod 35 0x00000000024aad90 code [0x00000000024aaec0, 0x00000000024aaf38]
Event: 13.466 Thread 0x000000000bdfe800 nmethod 36 0x00000000024aaad0 code [0x00000000024aac00, 0x00000000024aacd8]
Event: 13.467 Thread 0x000000000bdf5000   37             java.util.ArrayList::get (11 bytes)
Event: 13.467 Thread 0x000000000bdf5000 nmethod 37 0x00000000024aa750 code [0x00000000024aa8a0, 0x00000000024aa998]
Event: 13.565 Thread 0x000000000bdfe800   38  s!         sun.misc.URLClassPath::getLoader (154 bytes)
Event: 13.574 Thread 0x000000000bdfe800 nmethod 38 0x00000000024b0b50 code [0x00000000024b0d40, 0x00000000024b1e00]

GC Heap History (0 events):
No events

Deoptimization events (0 events):
No events

Internal exceptions (10 events):
Event: 13.565 Thread 0x0000000001fe8000 Threw 0x00000007d67862b0 at C:\re\jdk7u67\1368\hotspot\src\share\vm\prims\jvm.cpp:1244
Event: 13.566 Thread 0x0000000001fe8000 Threw 0x00000007d678bb98 at C:\re\jdk7u67\1368\hotspot\src\share\vm\prims\jvm.cpp:1244
Event: 413.029 Thread 0x0000000001fe8000 Threw 0x00000007d67c4c38 at C:\re\jdk7u67\1368\hotspot\src\share\vm\prims\jvm.cpp:1244
Event: 413.030 Thread 0x0000000001fe8000 Threw 0x00000007d67cf318 at C:\re\jdk7u67\1368\hotspot\src\share\vm\prims\jvm.cpp:1244
Event: 413.031 Thread 0x0000000001fe8000 Threw 0x00000007d67d3018 at C:\re\jdk7u67\1368\hotspot\src\share\vm\prims\jvm.cpp:1244
Event: 413.032 Thread 0x0000000001fe8000 Threw 0x00000007d67d7648 at C:\re\jdk7u67\1368\hotspot\src\share\vm\prims\jvm.cpp:1244
Event: 413.033 Thread 0x0000000001fe8000 Threw 0x00000007d67db7d0 at C:\re\jdk7u67\1368\hotspot\src\share\vm\prims\jvm.cpp:1244
Event: 413.034 Thread 0x0000000001fe8000 Threw 0x00000007d67de660 at C:\re\jdk7u67\1368\hotspot\src\share\vm\prims\jvm.cpp:1244
Event: 413.036 Thread 0x0000000001fe8000 Threw 0x00000007d67e1f60 at C:\re\jdk7u67\1368\hotspot\src\share\vm\prims\jvm.cpp:1244
Event: 413.037 Thread 0x0000000001fe8000 Threw 0x00000007d67e8d20 at C:\re\jdk7u67\1368\hotspot\src\share\vm\prims\jvm.cpp:1244

Events (10 events):
Event: 1006.672 Executing VM operation: ChangeBreakpoints
Event: 1006.672 Executing VM operation: ChangeBreakpoints done
Event: 1622.222 Executing VM operation: ChangeBreakpoints
Event: 1622.223 Executing VM operation: ChangeBreakpoints done
Event: 1629.943 Executing VM operation: ChangeBreakpoints
Event: 1629.943 Executing VM operation: ChangeBreakpoints done
Event: 1629.943 Executing VM operation: ChangeBreakpoints
Event: 1629.943 Executing VM operation: ChangeBreakpoints done
Event: 1629.944 Executing VM operation: RedefineClasses
Event: 1629.945 Executing VM operation: RedefineClasses done


Dynamic libraries:
0x000000013f080000 - 0x000000013f0b3000 	C:\Program Files\Java\jdk1.7.0_67\bin\java.exe
0x0000000077b20000 - 0x0000000077cc9000 	C:\Windows\SYSTEM32\ntdll.dll
0x0000000077a00000 - 0x0000000077b1f000 	C:\Windows\system32\kernel32.dll
0x000007fefda70000 - 0x000007fefdadc000 	C:\Windows\system32\KERNELBASE.dll
0x000007feff720000 - 0x000007feff7fb000 	C:\Windows\system32\ADVAPI32.dll
0x000007feff210000 - 0x000007feff2af000 	C:\Windows\system32\msvcrt.dll
0x000007feff350000 - 0x000007feff36f000 	C:\Windows\SYSTEM32\sechost.dll
0x000007feffb70000 - 0x000007feffc9d000 	C:\Windows\system32\RPCRT4.dll
0x0000000077900000 - 0x00000000779fa000 	C:\Windows\system32\USER32.dll
0x000007fefdef0000 - 0x000007fefdf57000 	C:\Windows\system32\GDI32.dll
0x000007feff200000 - 0x000007feff20e000 	C:\Windows\system32\LPK.dll
0x000007feff130000 - 0x000007feff1f9000 	C:\Windows\system32\USP10.dll
0x000007fefc0f0000 - 0x000007fefc2e4000 	C:\Windows\WinSxS\amd64_microsoft.windows.common-controls_6595b64144ccf1df_6.0.7601.18837_none_fa3b1e3d17594757\COMCTL32.dll
0x000007feff820000 - 0x000007feff891000 	C:\Windows\system32\SHLWAPI.dll
0x000007feff580000 - 0x000007feff5ae000 	C:\Windows\system32\IMM32.DLL
0x000007feff5b0000 - 0x000007feff6b9000 	C:\Windows\system32\MSCTF.dll
0x0000000050910000 - 0x00000000509e2000 	C:\Program Files\Java\jdk1.7.0_67\jre\bin\msvcr100.dll
0x000000006dfc0000 - 0x000000006e792000 	C:\Program Files\Java\jdk1.7.0_67\jre\bin\server\jvm.dll
0x000007feeeef0000 - 0x000007feeeef9000 	C:\Windows\system32\WSOCK32.dll
0x000007fefdea0000 - 0x000007fefdeed000 	C:\Windows\system32\WS2_32.dll
0x000007feff570000 - 0x000007feff578000 	C:\Windows\system32\NSI.dll
0x000007fefb8c0000 - 0x000007fefb8fb000 	C:\Windows\system32\WINMM.dll
0x0000000077ce0000 - 0x0000000077ce7000 	C:\Windows\system32\PSAPI.DLL
0x00000000729a0000 - 0x00000000729af000 	C:\Program Files\Java\jdk1.7.0_67\jre\bin\verify.dll
0x0000000055590000 - 0x00000000555b8000 	C:\Program Files\Java\jdk1.7.0_67\jre\bin\java.dll
0x0000000055510000 - 0x0000000055545000 	C:\Program Files\Java\jdk1.7.0_67\jre\bin\jdwp.dll
0x0000000072a60000 - 0x0000000072a68000 	C:\Program Files\Java\jdk1.7.0_67\jre\bin\npt.dll
0x00000000660d0000 - 0x00000000660e5000 	C:\Program Files\Java\jdk1.7.0_67\jre\bin\zip.dll
0x0000000072940000 - 0x0000000072949000 	C:\Program Files\Java\jdk1.7.0_67\jre\bin\dt_socket.dll
0x000007fefd070000 - 0x000007fefd0c5000 	C:\Windows\system32\mswsock.dll
0x000007fefca90000 - 0x000007fefca97000 	C:\Windows\System32\wshtcpip.dll
0x0000000065b40000 - 0x0000000065b59000 	C:\Program Files\Java\jdk1.7.0_67\jre\bin\net.dll
0x000007fefd060000 - 0x000007fefd067000 	C:\Windows\System32\wship6.dll
0x000000005c450000 - 0x000000005c461000 	C:\Program Files\Java\jdk1.7.0_67\jre\bin\nio.dll
0x000007fefb120000 - 0x000007fefb135000 	C:\Windows\system32\NLAapi.dll
0x000007fef9b80000 - 0x000007fef9b95000 	C:\Windows\system32\napinsp.dll
0x000007fef9b60000 - 0x000007fef9b79000 	C:\Windows\system32\pnrpnsp.dll
0x000007fefcef0000 - 0x000007fefcf4b000 	C:\Windows\system32\DNSAPI.dll
0x000007fef9b50000 - 0x000007fef9b5b000 	C:\Windows\System32\winrnr.dll
0x000007fefb470000 - 0x000007fefb497000 	C:\Windows\system32\IPHLPAPI.DLL
0x000007fefb460000 - 0x000007fefb46b000 	C:\Windows\system32\WINNSI.DLL
0x000007fef9030000 - 0x000007fef9038000 	C:\Windows\system32\rasadhlp.dll
0x000007fefadd0000 - 0x000007fefae23000 	C:\Windows\System32\fwpuclnt.dll
0x000007fef9c50000 - 0x000007fef9d75000 	C:\Windows\system32\dbghelp.dll

VM Arguments:
jvm_args: -agentlib:jdwp=transport=dt_socket,address=127.0.0.1:62700,suspend=y,server=n -Dfile.encoding=GBK 
java_command: com.spencer.App
Launcher Type: SUN_STANDARD

Environment Variables:
PATH=C:\Program Files (x86)\Intel\iCLS Client\;C:\Program Files\Intel\iCLS Client\;C:\Windows\system32;C:\Windows;C:\Windows\System32\Wbem;C:\Windows\System32\WindowsPowerShell\v1.0\;C:\Program Files\Intel\Intel(R) Management Engine Components\DAL;C:\Program Files\Intel\Intel(R) Management Engine Components\IPT;C:\Program Files (x86)\Intel\Intel(R) Management Engine Components\DAL;C:\Program Files (x86)\Intel\Intel(R) Management Engine Components\IPT;D:\Go\bin
USERNAME=jasshine
OS=Windows_NT
PROCESSOR_IDENTIFIER=Intel64 Family 6 Model 60 Stepping 3, GenuineIntel



---------------  S Y S T E M  ---------------

OS: Windows 7 , 64 bit Build 7601 Service Pack 1

CPU:total 4 (4 cores per cpu, 1 threads per core) family 6 model 60 stepping 3, cmov, cx8, fxsr, mmx, sse, sse2, sse3, ssse3, sse4.1, sse4.2, popcnt, avx, avx2, aes, erms, tsc, tscinvbit

Memory: 4k page, physical 8305184k(840960k free), swap 16621844k(3125508k free)

vm_info: Java HotSpot(TM) 64-Bit Server VM (24.65-b04) for windows-amd64 JRE (1.7.0_67-b01), built on Jul 25 2014 08:55:00 by "java_re" with unknown MS VC++:1600

time: Mon Jun 20 18:24:57 2016
elapsed time: 1630 seconds

